## 超时流式处理 - 没有消息流入的数据异常监控   
                                        
### 作者                                           
digoal                                   
                                    
### 日期                                                                                                       
2017-12-22                                 
                                       
### 标签                                    
PostgreSQL , 流式处理 , 无流入数据超时异常       
                                                                                                          
----                                                                                                    
                                                                                                             
## 背景      
流计算有个特点，数据流式写入，流式计算。  
  
但是有一种情况，可能无法覆盖。例如电商中的 收货超时，退款处理超时 事件的流式监控。因为数据都不会再写进来了，所以也无法触发流式计算。  
  
这些问题如何流式预警呢？  
  
可以用超时时间+调度的方式，当然这里面有PostgreSQL的独门秘籍：  
  
1、CTE，语法灵活。  
  
2、partial index，不需要检索的数据不构建索引。  
  
3、DML returning，可以返回DML语句的结果，结合CTE实现最小交互计算。  
  
4、multi-index bitmap scan，多个索引合并扫描，在使用OR条件时，可以结合多个字段的索引进行合并扫描。  
  
## DEMO设计  
  
1、被监控表的结构。里面记录了订单、退款等事件的超时处理时间，超时通知次数，下一次通知时间间隔，完结状态等。  
  
```  
create table tbl (  
  id int8,                                         
  --                               ..... 其他字段 （比如已完结状态）  
  state int,                       -- 完结状态(1 表示已完结)  
  deadts timestamp,                -- 超时时间        
  nts interval,                    -- 超时间隔，用于更新下一次通知时间 （比如一天通知一次）       
  notify_times int default 0,      -- 通知次数  
  deadts_next timestamp            -- 下一次通知时间  
);  
```  
  
2、创建partial index，也就是说，对未完结工单才需要通知用户，这些数据是业务关心的，使用partial index可以简化索引大小。提高速度。  
  
```  
create index idx_tbl_1 on tbl (deadts,notify_times,state) where notify_times=0 and state<>1;  
  
create index idx_tbl_2 on tbl (deadts_next,state) where deadts_next is not null and state<>1;  
```  
  
3、获取需要通知的数据，并且更新通知次数以及下一次的通知时间。  
  
```  
with tmp1 as (  
update tbl set   
  deadts_next=now()+nts,   
  notify_times=notify_times+1   
where   
( deadts < now() and notify_times=0 and state<>1)   
or   
( deadts_next < now() and deadts_next is not null and state<>1)   
returning *  
)  
select * from tmp1;  
```  
  
4、执行计划完美  
  
```  
 CTE Scan on tmp1  (cost=4.21..4.23 rows=1 width=48)  
   CTE tmp1  
     ->  Update on tbl  (cost=2.98..4.21 rows=1 width=54)  
           ->  Bitmap Heap Scan on tbl  (cost=2.98..4.21 rows=1 width=54)  
                 Recheck Cond: (((deadts < now()) AND (notify_times = 0) AND (state <> 1)) OR ((deadts_next < now()) AND (deadts_next IS NOT NULL) AND (state <> 1)))  
                 Filter: (((deadts < now()) AND (notify_times = 0)) OR ((deadts_next < now()) AND (deadts_next IS NOT NULL)))  
                 ->  BitmapOr  (cost=2.98..2.98 rows=1 width=0)  
                       ->  Bitmap Index Scan on idx_tbl_1  (cost=0.00..1.64 rows=1 width=0)  
                             Index Cond: (deadts < now())  
                       ->  Bitmap Index Scan on idx_tbl_2  (cost=0.00..1.34 rows=1 width=0)  
                             Index Cond: ((deadts_next < now()) AND (deadts_next IS NOT NULL))  
(11 rows)  
```  
  
5、调度  
  
[《PostgreSQL 定时任务方法2》](../201305/20130531_02.md)    
  
[《PostgreSQL Oracle 兼容性之 - DBMS_JOBS - Daily Maintenance - Timing Tasks(pgagent)》](../201305/20130531_01.md)    
  
当然你如果使用阿里云，可以使用阿里云的调度平台，配置调度任务。  
  
### 性能指标  
1、写入1亿数据，假设有100万条同时超时需要处理，耗时如何？  
  
```  
-- 1亿条完结  
insert into tbl select id, 1, now(), '5 min', 0, null from generate_series(1,100000000) t(id);  
  
-- 100万条超时  
insert into tbl select id, 0, now(), '5 min', 0, null from generate_series(1,1000000) t(id);  
```  
  
通知性能，比如每一批通知1万条：  
  
(小批量获取，并更新超时时间，目的是让autovacuum介入，实时回收垃圾)  
  
```  
with tmp1 as (  
update tbl set   
  deadts_next=now()+nts,   
  notify_times=notify_times+1   
where ctid = any (array(  
  select ctid from tbl where  
  ( deadts < now() and notify_times=0 and state<>1)   
  or   
  ( deadts_next < now() and deadts_next is not null and state<>1)   
  limit 10000     -- 一次获取1万条超时数据    
))  
returning *  
)  
select * from tmp1;  
  
  
-- 计划  
  
 CTE Scan on tmp1  (cost=16.72..16.92 rows=10 width=48) (actual time=112.372..152.374 rows=10000 loops=1)  
   Output: tmp1.id, tmp1.state, tmp1.deadts, tmp1.nts, tmp1.notify_times, tmp1.deadts_next  
   Buffers: shared hit=69850 read=150 dirtied=150  
   CTE tmp1  
     ->  Update on public.tbl tbl_1  (cost=4.52..16.72 rows=10 width=54) (actual time=112.364..148.237 rows=10000 loops=1)  
           Output: tbl_1.id, tbl_1.state, tbl_1.deadts, tbl_1.nts, tbl_1.notify_times, tbl_1.deadts_next  
           Buffers: shared hit=69850 read=150 dirtied=150  
           InitPlan 1 (returns $0)  
             ->  Limit  (cost=3.28..4.50 rows=1 width=6) (actual time=106.465..110.987 rows=10000 loops=1)  
                   Output: tbl.ctid  
                   Buffers: shared hit=4785  
                   ->  Bitmap Heap Scan on public.tbl  (cost=3.28..4.50 rows=1 width=6) (actual time=106.464..109.422 rows=10000 loops=1)  
                         Output: tbl.ctid  
                         Recheck Cond: (((tbl.deadts < now()) AND (tbl.notify_times = 0) AND (tbl.state <> 1)) OR ((tbl.deadts_next < now()) AND (tbl.deadts_next IS NOT NULL) AND (tbl.state <> 1)))  
                         Filter: (((tbl.deadts < now()) AND (tbl.notify_times = 0)) OR ((tbl.deadts_next < now()) AND (tbl.deadts_next IS NOT NULL)))  
                         Heap Blocks: exact=95  
                         Buffers: shared hit=4785  
                         ->  BitmapOr  (cost=3.28..3.28 rows=1 width=0) (actual time=105.190..105.190 rows=0 loops=1)  
                               Buffers: shared hit=4690  
                               ->  Bitmap Index Scan on idx_tbl_1  (cost=0.00..1.64 rows=1 width=0) (actual time=105.174..105.174 rows=1000000 loops=1)  
                                     Index Cond: ((tbl.deadts < now()) AND (tbl.notify_times = 0))  
                                     Buffers: shared hit=4687  
                               ->  Bitmap Index Scan on idx_tbl_2  (cost=0.00..1.64 rows=1 width=0) (actual time=0.012..0.012 rows=0 loops=1)  
                                     Index Cond: ((tbl.deadts_next < now()) AND (tbl.deadts_next IS NOT NULL))  
                                     Buffers: shared hit=3  
           ->  Tid Scan on public.tbl tbl_1  (cost=0.01..12.21 rows=10 width=54) (actual time=112.234..116.568 rows=10000 loops=1)  
                 Output: tbl_1.id, tbl_1.state, tbl_1.deadts, tbl_1.nts, (tbl_1.notify_times + 1), (now() + tbl_1.nts), tbl_1.ctid  
                 TID Cond: (tbl_1.ctid = ANY ($0))  
                 Buffers: shared hit=14785  
 Planning time: 0.253 ms  
 Execution time: 153.559 ms  
(31 rows)  
```  
  
丝般柔滑  
  
```  
Time: 153.559 ms  
```  
  
## 小结  
  
使用以上方法，可以完美的解决超时数据的监控问题。性能好。   
    
